<?xml version="1.0" encoding="UTF-8"?>
<robot generator="Robot 6.0.2 (Python 3.10.9 on darwin)" generated="20230202 11:20:06.014" rpa="false" schemaversion="3">
<suite id="s1" name="First Trial" source="/Users/kennethc@capc.com.sg/first_trial">
<kw name="Open Website Of Whatever Project" library="resources" type="SETUP">
<kw name="Open Browser" library="SeleniumLibrary">
<arg>${test_page}</arg>
<arg>${browser}</arg>
<doc>Opens a new browser instance to the optional ``url``.</doc>
<msg timestamp="20230202 11:20:06.093" level="INFO">Opening browser 'Chrome' to base url 'https://practicetestautomation.com/practice-test-login/'.</msg>
<status status="PASS" starttime="20230202 11:20:06.092" endtime="20230202 11:20:15.584"/>
</kw>
<status status="PASS" starttime="20230202 11:20:06.092" endtime="20230202 11:20:15.584"/>
</kw>
<suite id="s1-s1" name="001 Tracks" source="/Users/kennethc@capc.com.sg/first_trial/001_tracks.robot">
<test id="s1-s1-t1" name="Test Page Validity" line="11">
<kw name="Connect To Python" library="TestRobot">
<var>${user}</var>
<var>${pass}</var>
<msg timestamp="20230202 11:20:15.593" level="INFO">${user} = student</msg>
<msg timestamp="20230202 11:20:15.593" level="INFO">${pass} = Password123</msg>
<status status="PASS" starttime="20230202 11:20:15.593" endtime="20230202 11:20:15.593"/>
</kw>
<kw name="Sleep" library="BuiltIn">
<arg>5s</arg>
<doc>Pauses the test executed for the given time.</doc>
<msg timestamp="20230202 11:20:20.596" level="INFO">Slept 5 seconds</msg>
<status status="PASS" starttime="20230202 11:20:15.593" endtime="20230202 11:20:20.597"/>
</kw>
<doc>Testing the Login</doc>
<status status="PASS" starttime="20230202 11:20:15.592" endtime="20230202 11:20:20.598"/>
</test>
<test id="s1-s1-t2" name="Test Login" line="19">
<kw name="Connect To Python" library="TestRobot">
<var>${user}</var>
<var>${pass}</var>
<msg timestamp="20230202 11:20:20.602" level="INFO">${user} = student</msg>
<msg timestamp="20230202 11:20:20.602" level="INFO">${pass} = Password123</msg>
<status status="PASS" starttime="20230202 11:20:20.601" endtime="20230202 11:20:20.602"/>
</kw>
<kw name="Input Text" library="SeleniumLibrary">
<arg>//*[@id="username"]</arg>
<arg>${user}</arg>
<doc>Types the given ``text`` into the text field identified by ``locator``.</doc>
<msg timestamp="20230202 11:20:20.605" level="INFO">Typing text 'student' into text field '//*[@id="username"]'.</msg>
<status status="PASS" starttime="20230202 11:20:20.603" endtime="20230202 11:20:21.201"/>
</kw>
<kw name="Input Text" library="SeleniumLibrary">
<arg>//*[@id="password"]</arg>
<arg>${pass}</arg>
<doc>Types the given ``text`` into the text field identified by ``locator``.</doc>
<msg timestamp="20230202 11:20:21.201" level="INFO">Typing text 'Password123' into text field '//*[@id="password"]'.</msg>
<status status="PASS" starttime="20230202 11:20:21.201" endtime="20230202 11:20:21.322"/>
</kw>
<kw name="Click Element" library="SeleniumLibrary">
<arg>//*[@id="submit"]</arg>
<doc>Click the element identified by ``locator``.</doc>
<msg timestamp="20230202 11:20:21.322" level="INFO">Clicking element '//*[@id="submit"]'.</msg>
<status status="PASS" starttime="20230202 11:20:21.322" endtime="20230202 11:20:23.036"/>
</kw>
<kw name="Sleep" library="BuiltIn">
<arg>5s</arg>
<doc>Pauses the test executed for the given time.</doc>
<msg timestamp="20230202 11:20:28.037" level="INFO">Slept 5 seconds</msg>
<status status="PASS" starttime="20230202 11:20:23.037" endtime="20230202 11:20:28.038"/>
</kw>
<doc>Testing the Login 2</doc>
<status status="PASS" starttime="20230202 11:20:20.600" endtime="20230202 11:20:28.038"/>
</test>
<doc>Template robot suite</doc>
<status status="PASS" starttime="20230202 11:20:15.584" endtime="20230202 11:20:28.040"/>
</suite>
<suite id="s1-s2" name="002 Tera" source="/Users/kennethc@capc.com.sg/first_trial/002_tera.robot">
<test id="s1-s2-t1" name="Test Page Validity test page 2" line="11">
<kw name="Connect To Python" library="TestRobot">
<var>${user}</var>
<var>${pass}</var>
<msg timestamp="20230202 11:20:28.046" level="INFO">${user} = student</msg>
<msg timestamp="20230202 11:20:28.046" level="INFO">${pass} = Password123</msg>
<status status="PASS" starttime="20230202 11:20:28.046" endtime="20230202 11:20:28.046"/>
</kw>
<kw name="Sleep" library="BuiltIn">
<arg>5s</arg>
<doc>Pauses the test executed for the given time.</doc>
<msg timestamp="20230202 11:20:33.048" level="INFO">Slept 5 seconds</msg>
<status status="PASS" starttime="20230202 11:20:28.047" endtime="20230202 11:20:33.048"/>
</kw>
<doc>Testing the Login</doc>
<status status="PASS" starttime="20230202 11:20:28.046" endtime="20230202 11:20:33.049"/>
</test>
<test id="s1-s2-t2" name="Test Login 2nd test file" line="19">
<kw name="Connect To Python" library="TestRobot">
<var>${user}</var>
<var>${pass}</var>
<msg timestamp="20230202 11:20:33.052" level="INFO">${user} = student</msg>
<msg timestamp="20230202 11:20:33.052" level="INFO">${pass} = Password123</msg>
<status status="PASS" starttime="20230202 11:20:33.051" endtime="20230202 11:20:33.052"/>
</kw>
<kw name="Sleep" library="BuiltIn">
<arg>5s</arg>
<doc>Pauses the test executed for the given time.</doc>
<msg timestamp="20230202 11:20:38.055" level="INFO">Slept 5 seconds</msg>
<status status="PASS" starttime="20230202 11:20:33.052" endtime="20230202 11:20:38.055"/>
</kw>
<doc>Testing the Login 2</doc>
<status status="PASS" starttime="20230202 11:20:33.050" endtime="20230202 11:20:38.056"/>
</test>
<doc>Template robot suite</doc>
<status status="PASS" starttime="20230202 11:20:28.041" endtime="20230202 11:20:38.058"/>
</suite>
<kw name="Run Keyword And Ignore Error" library="BuiltIn" type="TEARDOWN">
<arg>Suite shutdown</arg>
<doc>Runs the given keyword with the given arguments and ignores possible error.</doc>
<kw name="Suite shutdown">
<kw name="Close All Browsers" library="SeleniumLibrary">
<doc>Closes all open browsers and resets the browser cache.</doc>
<status status="PASS" starttime="20230202 11:20:38.078" endtime="20230202 11:20:38.180"/>
</kw>
<status status="PASS" starttime="20230202 11:20:38.076" endtime="20230202 11:20:38.180"/>
</kw>
<status status="PASS" starttime="20230202 11:20:38.062" endtime="20230202 11:20:38.180"/>
</kw>
<status status="PASS" starttime="20230202 11:20:06.015" endtime="20230202 11:20:38.180"/>
</suite>
<statistics>
<total>
<stat pass="4" fail="0" skip="0">All Tests</stat>
</total>
<tag>
</tag>
<suite>
<stat pass="4" fail="0" skip="0" id="s1" name="First Trial">First Trial</stat>
<stat pass="2" fail="0" skip="0" id="s1-s1" name="001 Tracks">First Trial.001 Tracks</stat>
<stat pass="2" fail="0" skip="0" id="s1-s2" name="002 Tera">First Trial.002 Tera</stat>
</suite>
</statistics>
<errors>
</errors>
</robot>
