<?xml version="1.0" encoding="UTF-8"?>
<robot generator="Robot 6.0.2 (Python 3.10.9 on darwin)" generated="20230202 10:06:12.579" rpa="false" schemaversion="3">
<suite id="s1" name="First Trial" source="/Users/kennethc@capc.com.sg/first_trial">
<kw name="Open Website Of Whatever Project" library="resources" type="SETUP">
<kw name="Open Browser" library="SeleniumLibrary">
<arg>${test_page}</arg>
<arg>${browser}</arg>
<doc>Opens a new browser instance to the optional ``url``.</doc>
<msg timestamp="20230202 10:06:12.665" level="INFO">Opening browser 'Chrome' to base url 'https://practicetestautomation.com/practice-test-login/'.</msg>
<status status="PASS" starttime="20230202 10:06:12.665" endtime="20230202 10:06:23.178"/>
</kw>
<status status="PASS" starttime="20230202 10:06:12.665" endtime="20230202 10:06:23.178"/>
</kw>
<suite id="s1-s1" name="001 Tracks" source="/Users/kennethc@capc.com.sg/first_trial/001_tracks.robot">
<test id="s1-s1-t1" name="Test Page Validity" line="11">
<kw name="Connect To Python" library="TestRobot">
<var>${user}</var>
<var>${pass}</var>
<msg timestamp="20230202 10:06:23.181" level="INFO">${user} = student</msg>
<msg timestamp="20230202 10:06:23.181" level="INFO">${pass} = Password123</msg>
<status status="PASS" starttime="20230202 10:06:23.181" endtime="20230202 10:06:23.181"/>
</kw>
<kw name="Sleep" library="BuiltIn">
<arg>5s</arg>
<doc>Pauses the test executed for the given time.</doc>
<msg timestamp="20230202 10:06:28.182" level="INFO">Slept 5 seconds</msg>
<status status="PASS" starttime="20230202 10:06:23.181" endtime="20230202 10:06:28.183"/>
</kw>
<doc>Testing the Login</doc>
<status status="PASS" starttime="20230202 10:06:23.180" endtime="20230202 10:06:28.184"/>
</test>
<test id="s1-s1-t2" name="Test Login" line="19">
<kw name="Connect To Python" library="TestRobot">
<var>${user}</var>
<var>${pass}</var>
<msg timestamp="20230202 10:06:28.187" level="INFO">${user} = student</msg>
<msg timestamp="20230202 10:06:28.187" level="INFO">${pass} = Password123</msg>
<status status="PASS" starttime="20230202 10:06:28.186" endtime="20230202 10:06:28.187"/>
</kw>
<kw name="Input Text" library="SeleniumLibrary">
<arg>//*[@id="username"]</arg>
<arg>${user}</arg>
<doc>Types the given ``text`` into the text field identified by ``locator``.</doc>
<msg timestamp="20230202 10:06:28.188" level="INFO">Typing text 'student' into text field '//*[@id="username"]'.</msg>
<status status="PASS" starttime="20230202 10:06:28.187" endtime="20230202 10:06:28.653"/>
</kw>
<kw name="Input Text" library="SeleniumLibrary">
<arg>//*[@id="password"]</arg>
<arg>${pass}</arg>
<doc>Types the given ``text`` into the text field identified by ``locator``.</doc>
<msg timestamp="20230202 10:06:28.653" level="INFO">Typing text 'Password123' into text field '//*[@id="password"]'.</msg>
<status status="PASS" starttime="20230202 10:06:28.653" endtime="20230202 10:06:28.749"/>
</kw>
<kw name="Click Element" library="SeleniumLibrary">
<arg>//*[@id="submit"]</arg>
<doc>Click the element identified by ``locator``.</doc>
<msg timestamp="20230202 10:06:28.749" level="INFO">Clicking element '//*[@id="submit"]'.</msg>
<status status="PASS" starttime="20230202 10:06:28.749" endtime="20230202 10:06:32.752"/>
</kw>
<kw name="Sleep" library="BuiltIn">
<arg>5s</arg>
<doc>Pauses the test executed for the given time.</doc>
<msg timestamp="20230202 10:06:37.754" level="INFO">Slept 5 seconds</msg>
<status status="PASS" starttime="20230202 10:06:32.752" endtime="20230202 10:06:37.754"/>
</kw>
<doc>Testing the Login 2</doc>
<status status="PASS" starttime="20230202 10:06:28.185" endtime="20230202 10:06:37.755"/>
</test>
<doc>Template robot suite</doc>
<status status="PASS" starttime="20230202 10:06:23.178" endtime="20230202 10:06:37.757"/>
</suite>
<kw name="Run Keyword And Ignore Error" library="BuiltIn" type="TEARDOWN">
<arg>Suite shutdown</arg>
<doc>Runs the given keyword with the given arguments and ignores possible error.</doc>
<kw name="Suite shutdown">
<kw name="Close All Browsers" library="SeleniumLibrary">
<doc>Closes all open browsers and resets the browser cache.</doc>
<status status="PASS" starttime="20230202 10:06:37.760" endtime="20230202 10:06:37.849"/>
</kw>
<status status="PASS" starttime="20230202 10:06:37.760" endtime="20230202 10:06:37.849"/>
</kw>
<status status="PASS" starttime="20230202 10:06:37.760" endtime="20230202 10:06:37.849"/>
</kw>
<status status="PASS" starttime="20230202 10:06:12.580" endtime="20230202 10:06:37.849"/>
</suite>
<statistics>
<total>
<stat pass="2" fail="0" skip="0">All Tests</stat>
</total>
<tag>
</tag>
<suite>
<stat pass="2" fail="0" skip="0" id="s1" name="First Trial">First Trial</stat>
<stat pass="2" fail="0" skip="0" id="s1-s1" name="001 Tracks">First Trial.001 Tracks</stat>
</suite>
</statistics>
<errors>
</errors>
</robot>
